# JRE version: OpenJDK Runtime Environment (8.0_242-b01) (build 1.8.0_242-release-1644-b01)
# Java VM: OpenJDK 64-Bit Server VM (25.242-b01 mixed mode windows-amd64 compressed oops)
Heap:
 PSYoungGen      total 71680K, used 36406K [0x00000000d5f00000, 0x00000000dda00000, 0x0000000100000000)
  eden space 66560K, 47% used [0x00000000d5f00000,0x00000000d7d8f2d0,0x00000000da000000)
  from space 5120K, 99% used [0x00000000da000000,0x00000000da4fe5e8,0x00000000da500000)
  to   space 17408K, 0% used [0x00000000dc900000,0x00000000dc900000,0x00000000dda00000)
 ParOldGen       total 67072K, used 26307K [0x0000000081c00000, 0x0000000085d80000, 0x00000000d5f00000)
  object space 67072K, 39% used [0x0000000081c00000,0x00000000835b0c70,0x0000000085d80000)
 Metaspace       used 45002K, capacity 45824K, committed 46128K, reserved 1089536K
  class space    used 5681K, capacity 5879K, committed 5936K, reserved 1048576K
GC Heap History (10 events):
Event: 3.367 GC heap before
{Heap before GC invocations=5 (full 1):
 PSYoungGen      total 38400K, used 33280K [0x00000000d5f00000, 0x00000000daa00000, 0x0000000100000000)
  eden space 33280K, 100% used [0x00000000d5f00000,0x00000000d7f80000,0x00000000d7f80000)
  from space 5120K, 0% used [0x00000000d7f80000,0x00000000d7f80000,0x00000000d8480000)
  to   space 5120K, 0% used [0x00000000da500000,0x00000000da500000,0x00000000daa00000)
 ParOldGen       total 67072K, used 9279K [0x0000000081c00000, 0x0000000085d80000, 0x00000000d5f00000)
  object space 67072K, 13% used [0x0000000081c00000,0x000000008250fcd8,0x0000000085d80000)
 Metaspace       used 22957K, capacity 23464K, committed 23728K, reserved 1071104K
  class space    used 2750K, capacity 2896K, committed 2992K, reserved 1048576K
Event: 3.388 GC heap after
Heap after GC invocations=5 (full 1):
 PSYoungGen      total 53760K, used 5114K [0x00000000d5f00000, 0x00000000daa00000, 0x0000000100000000)
  eden space 48640K, 0% used [0x00000000d5f00000,0x00000000d5f00000,0x00000000d8e80000)
  from space 5120K, 99% used [0x00000000da500000,0x00000000da9fe9d0,0x00000000daa00000)
  to   space 5120K, 0% used [0x00000000da000000,0x00000000da000000,0x00000000da500000)
 ParOldGen       total 67072K, used 11034K [0x0000000081c00000, 0x0000000085d80000, 0x00000000d5f00000)
  object space 67072K, 16% used [0x0000000081c00000,0x00000000826c6900,0x0000000085d80000)
 Metaspace       used 22957K, capacity 23464K, committed 23728K, reserved 1071104K
  class space    used 2750K, capacity 2896K, committed 2992K, reserved 1048576K
}
Event: 4.489 GC heap before
{Heap before GC invocations=6 (full 1):
 PSYoungGen      total 53760K, used 53754K [0x00000000d5f00000, 0x00000000daa00000, 0x0000000100000000)
  eden space 48640K, 100% used [0x00000000d5f00000,0x00000000d8e80000,0x00000000d8e80000)
  from space 5120K, 99% used [0x00000000da500000,0x00000000da9fe9d0,0x00000000daa00000)
  to   space 5120K, 0% used [0x00000000da000000,0x00000000da000000,0x00000000da500000)
 ParOldGen       total 67072K, used 11034K [0x0000000081c00000, 0x0000000085d80000, 0x00000000d5f00000)
  object space 67072K, 16% used [0x0000000081c00000,0x00000000826c6900,0x0000000085d80000)
 Metaspace       used 31490K, capacity 31981K, committed 32432K, reserved 1077248K
  class space    used 4004K, capacity 4150K, committed 4272K, reserved 1048576K
Event: 4.511 GC heap after
Heap after GC invocations=6 (full 1):
 PSYoungGen      total 71680K, used 5114K [0x00000000d5f00000, 0x00000000dc700000, 0x0000000100000000)
  eden space 66560K, 0% used [0x00000000d5f00000,0x00000000d5f00000,0x00000000da000000)
  from space 5120K, 99% used [0x00000000da000000,0x00000000da4fe9d0,0x00000000da500000)
  to   space 17408K, 0% used [0x00000000db600000,0x00000000db600000,0x00000000dc700000)
 ParOldGen       total 67072K, used 24618K [0x0000000081c00000, 0x0000000085d80000, 0x00000000d5f00000)
  object space 67072K, 36% used [0x0000000081c00000,0x000000008340a888,0x0000000085d80000)
 Metaspace       used 31490K, capacity 31981K, committed 32432K, reserved 1077248K
  class space    used 4004K, capacity 4150K, committed 4272K, reserved 1048576K
}
Event: 4.975 GC heap before
{Heap before GC invocations=7 (full 1):
 PSYoungGen      total 71680K, used 19878K [0x00000000d5f00000, 0x00000000dc700000, 0x0000000100000000)
  eden space 66560K, 22% used [0x00000000d5f00000,0x00000000d6d6af50,0x00000000da000000)
  from space 5120K, 99% used [0x00000000da000000,0x00000000da4fe9d0,0x00000000da500000)
  to   space 17408K, 0% used [0x00000000db600000,0x00000000db600000,0x00000000dc700000)
 ParOldGen       total 67072K, used 24618K [0x0000000081c00000, 0x0000000085d80000, 0x00000000d5f00000)
  object space 67072K, 36% used [0x0000000081c00000,0x000000008340a888,0x0000000085d80000)
 Metaspace       used 34719K, capacity 35204K, committed 35496K, reserved 1081344K
  class space    used 4432K, capacity 4591K, committed 4656K, reserved 1048576K
Event: 4.991 GC heap after
Heap after GC invocations=7 (full 1):
 PSYoungGen      total 83968K, used 9214K [0x00000000d5f00000, 0x00000000dc700000, 0x0000000100000000)
  eden space 66560K, 0% used [0x00000000d5f00000,0x00000000d5f00000,0x00000000da000000)
  from space 17408K, 52% used [0x00000000db600000,0x00000000dbeff828,0x00000000dc700000)
  to   space 5120K, 0% used [0x00000000da000000,0x00000000da000000,0x00000000da500000)
 ParOldGen       total 67072K, used 24626K [0x0000000081c00000, 0x0000000085d80000, 0x00000000d5f00000)
  object space 67072K, 36% used [0x0000000081c00000,0x000000008340c888,0x0000000085d80000)
 Metaspace       used 34719K, capacity 35204K, committed 35496K, reserved 1081344K
  class space    used 4432K, capacity 4591K, committed 4656K, reserved 1048576K
}
Event: 4.991 GC heap before
{Heap before GC invocations=8 (full 2):
 PSYoungGen      total 83968K, used 9214K [0x00000000d5f00000, 0x00000000dc700000, 0x0000000100000000)
  eden space 66560K, 0% used [0x00000000d5f00000,0x00000000d5f00000,0x00000000da000000)
  from space 17408K, 52% used [0x00000000db600000,0x00000000dbeff828,0x00000000dc700000)
  to   space 5120K, 0% used [0x00000000da000000,0x00000000da000000,0x00000000da500000)
 ParOldGen       total 67072K, used 24626K [0x0000000081c00000, 0x0000000085d80000, 0x00000000d5f00000)
  object space 67072K, 36% used [0x0000000081c00000,0x000000008340c888,0x0000000085d80000)
 Metaspace       used 34719K, capacity 35204K, committed 35496K, reserved 1081344K
  class space    used 4432K, capacity 4591K, committed 4656K, reserved 1048576K
Event: 5.102 GC heap after
Heap after GC invocations=8 (full 2):
 PSYoungGen      total 83968K, used 0K [0x00000000d5f00000, 0x00000000dc700000, 0x0000000100000000)
  eden space 66560K, 0% used [0x00000000d5f00000,0x00000000d5f00000,0x00000000da000000)
  from space 17408K, 0% used [0x00000000db600000,0x00000000db600000,0x00000000dc700000)
  to   space 5120K, 0% used [0x00000000da000000,0x00000000da000000,0x00000000da500000)
 ParOldGen       total 67072K, used 18577K [0x0000000081c00000, 0x0000000085d80000, 0x00000000d5f00000)
  object space 67072K, 27% used [0x0000000081c00000,0x0000000082e24770,0x0000000085d80000)
 Metaspace       used 34719K, capacity 35204K, committed 35496K, reserved 1081344K
  class space    used 4432K, capacity 4591K, committed 4656K, reserved 1048576K
}
Event: 6.629 GC heap before
{Heap before GC invocations=9 (full 2):
 PSYoungGen      total 83968K, used 66560K [0x00000000d5f00000, 0x00000000dc700000, 0x0000000100000000)
  eden space 66560K, 100% used [0x00000000d5f00000,0x00000000da000000,0x00000000da000000)
  from space 17408K, 0% used [0x00000000db600000,0x00000000db600000,0x00000000dc700000)
  to   space 5120K, 0% used [0x00000000da000000,0x00000000da000000,0x00000000da500000)
 ParOldGen       total 67072K, used 18577K [0x0000000081c00000, 0x0000000085d80000, 0x00000000d5f00000)
  object space 67072K, 27% used [0x0000000081c00000,0x0000000082e24770,0x0000000085d80000)
 Metaspace       used 41350K, capacity 42066K, committed 42288K, reserved 1085440K
  class space    used 5214K, capacity 5406K, committed 5424K, reserved 1048576K
Event: 6.644 GC heap after
Heap after GC invocations=9 (full 2):
 PSYoungGen      total 71680K, used 5113K [0x00000000d5f00000, 0x00000000dda00000, 0x0000000100000000)
  eden space 66560K, 0% used [0x00000000d5f00000,0x00000000d5f00000,0x00000000da000000)
  from space 5120K, 99% used [0x00000000da000000,0x00000000da4fe5e8,0x00000000da500000)
  to   space 17408K, 0% used [0x00000000dc900000,0x00000000dc900000,0x00000000dda00000)
 ParOldGen       total 67072K, used 26307K [0x0000000081c00000, 0x0000000085d80000, 0x00000000d5f00000)
  object space 67072K, 39% used [0x0000000081c00000,0x00000000835b0c70,0x0000000085d80000)
 Metaspace       used 41350K, capacity 42066K, committed 42288K, reserved 1085440K
  class space    used 5214K, capacity 5406K, committed 5424K, reserved 1048576K
}

