# JRE version: OpenJDK Runtime Environment (8.0_242-b01) (build 1.8.0_242-release-1644-b01)
# Java VM: OpenJDK 64-Bit Server VM (25.242-b01 mixed mode windows-amd64 compressed oops)
Heap:
 PSYoungGen      total 521728K, used 65897K [0x00000000d5580000, 0x0000000100000000, 0x0000000100000000)
  eden space 356352K, 9% used [0x00000000d5580000,0x00000000d759b580,0x00000000eb180000)
  from space 165376K, 19% used [0x00000000f4e00000,0x00000000f6e3f128,0x00000000fef80000)
  to   space 160256K, 0% used [0x00000000eb180000,0x00000000eb180000,0x00000000f4e00000)
 ParOldGen       total 262144K, used 167792K [0x0000000080000000, 0x0000000090000000, 0x00000000d5580000)
  object space 262144K, 64% used [0x0000000080000000,0x000000008a3dc260,0x0000000090000000)
 Metaspace       used 135627K, capacity 146610K, committed 146840K, reserved 1177600K
  class space    used 17164K, capacity 19054K, committed 19120K, reserved 1048576K
GC Heap History (10 events):
Event: 1256.297 GC heap before
{Heap before GC invocations=48 (full 6):
 PSYoungGen      total 531968K, used 531942K [0x00000000d5580000, 0x0000000100000000, 0x0000000100000000)
  eden space 380928K, 100% used [0x00000000d5580000,0x00000000ec980000,0x00000000ec980000)
  from space 151040K, 99% used [0x00000000ec980000,0x00000000f5cf9aa0,0x00000000f5d00000)
  to   space 166912K, 0% used [0x00000000f5d00000,0x00000000f5d00000,0x0000000100000000)
 ParOldGen       total 262144K, used 123887K [0x0000000080000000, 0x0000000090000000, 0x00000000d5580000)
  object space 262144K, 47% used [0x0000000080000000,0x00000000878fbce8,0x0000000090000000)
 Metaspace       used 134100K, capacity 144460K, committed 144536K, reserved 1175552K
  class space    used 16985K, capacity 18801K, committed 18864K, reserved 1048576K
Event: 1256.394 GC heap after
Heap after GC invocations=48 (full 6):
 PSYoungGen      total 518656K, used 57880K [0x00000000d5580000, 0x0000000100000000, 0x0000000100000000)
  eden space 351744K, 0% used [0x00000000d5580000,0x00000000d5580000,0x00000000ead00000)
  from space 166912K, 34% used [0x00000000f5d00000,0x00000000f9586108,0x0000000100000000)
  to   space 173568K, 0% used [0x00000000ead00000,0x00000000ead00000,0x00000000f5680000)
 ParOldGen       total 262144K, used 126441K [0x0000000080000000, 0x0000000090000000, 0x00000000d5580000)
  object space 262144K, 48% used [0x0000000080000000,0x0000000087b7a738,0x0000000090000000)
 Metaspace       used 134100K, capacity 144460K, committed 144536K, reserved 1175552K
  class space    used 16985K, capacity 18801K, committed 18864K, reserved 1048576K
}
Event: 1259.587 GC heap before
{Heap before GC invocations=49 (full 6):
 PSYoungGen      total 518656K, used 409624K [0x00000000d5580000, 0x0000000100000000, 0x0000000100000000)
  eden space 351744K, 100% used [0x00000000d5580000,0x00000000ead00000,0x00000000ead00000)
  from space 166912K, 34% used [0x00000000f5d00000,0x00000000f9586108,0x0000000100000000)
  to   space 173568K, 0% used [0x00000000ead00000,0x00000000ead00000,0x00000000f5680000)
 ParOldGen       total 262144K, used 126441K [0x0000000080000000, 0x0000000090000000, 0x00000000d5580000)
  object space 262144K, 48% used [0x0000000080000000,0x0000000087b7a738,0x0000000090000000)
 Metaspace       used 134599K, capacity 145476K, committed 145688K, reserved 1175552K
  class space    used 17066K, capacity 18949K, committed 18992K, reserved 1048576K
Event: 1259.723 GC heap after
Heap after GC invocations=49 (full 6):
 PSYoungGen      total 459776K, used 107588K [0x00000000d5580000, 0x0000000100000000, 0x0000000100000000)
  eden space 351744K, 0% used [0x00000000d5580000,0x00000000d5580000,0x00000000ead00000)
  from space 108032K, 99% used [0x00000000ead00000,0x00000000f16110e8,0x00000000f1680000)
  to   space 178688K, 0% used [0x00000000f5180000,0x00000000f5180000,0x0000000100000000)
 ParOldGen       total 262144K, used 126929K [0x0000000080000000, 0x0000000090000000, 0x00000000d5580000)
  object space 262144K, 48% used [0x0000000080000000,0x0000000087bf4748,0x0000000090000000)
 Metaspace       used 134599K, capacity 145476K, committed 145688K, reserved 1175552K
  class space    used 17066K, capacity 18949K, committed 18992K, reserved 1048576K
}
Event: 1267.329 GC heap before
{Heap before GC invocations=50 (full 6):
 PSYoungGen      total 459776K, used 459325K [0x00000000d5580000, 0x0000000100000000, 0x0000000100000000)
  eden space 351744K, 99% used [0x00000000d5580000,0x00000000eacfe408,0x00000000ead00000)
  from space 108032K, 99% used [0x00000000ead00000,0x00000000f16110e8,0x00000000f1680000)
  to   space 178688K, 0% used [0x00000000f5180000,0x00000000f5180000,0x0000000100000000)
 ParOldGen       total 262144K, used 126929K [0x0000000080000000, 0x0000000090000000, 0x00000000d5580000)
  object space 262144K, 48% used [0x0000000080000000,0x0000000087bf4748,0x0000000090000000)
 Metaspace       used 134699K, capacity 145622K, committed 145688K, reserved 1175552K
  class space    used 17067K, capacity 18952K, committed 18992K, reserved 1048576K
Event: 1267.422 GC heap after
Heap after GC invocations=50 (full 6):
 PSYoungGen      total 529920K, used 59126K [0x00000000d5580000, 0x0000000100000000, 0x0000000100000000)
  eden space 351232K, 0% used [0x00000000d5580000,0x00000000d5580000,0x00000000eac80000)
  from space 178688K, 33% used [0x00000000f5180000,0x00000000f8b3daf0,0x0000000100000000)
  to   space 168960K, 0% used [0x00000000eac80000,0x00000000eac80000,0x00000000f5180000)
 ParOldGen       total 262144K, used 129070K [0x0000000080000000, 0x0000000090000000, 0x00000000d5580000)
  object space 262144K, 49% used [0x0000000080000000,0x0000000087e0baa0,0x0000000090000000)
 Metaspace       used 134699K, capacity 145622K, committed 145688K, reserved 1175552K
  class space    used 17067K, capacity 18952K, committed 18992K, reserved 1048576K
}
Event: 1477.728 GC heap before
{Heap before GC invocations=51 (full 6):
 PSYoungGen      total 529920K, used 410358K [0x00000000d5580000, 0x0000000100000000, 0x0000000100000000)
  eden space 351232K, 100% used [0x00000000d5580000,0x00000000eac80000,0x00000000eac80000)
  from space 178688K, 33% used [0x00000000f5180000,0x00000000f8b3daf0,0x0000000100000000)
  to   space 168960K, 0% used [0x00000000eac80000,0x00000000eac80000,0x00000000f5180000)
 ParOldGen       total 262144K, used 129070K [0x0000000080000000, 0x0000000090000000, 0x00000000d5580000)
  object space 262144K, 49% used [0x0000000080000000,0x0000000087e0baa0,0x0000000090000000)
 Metaspace       used 134980K, capacity 145878K, committed 145944K, reserved 1175552K
  class space    used 17099K, capacity 18976K, committed 18992K, reserved 1048576K
Event: 1477.851 GC heap after
Heap after GC invocations=51 (full 6):
 PSYoungGen      total 381440K, used 29871K [0x00000000d5580000, 0x00000000fef80000, 0x0000000100000000)
  eden space 351232K, 0% used [0x00000000d5580000,0x00000000d5580000,0x00000000eac80000)
  from space 30208K, 98% used [0x00000000eac80000,0x00000000ec9abf90,0x00000000eca00000)
  to   space 165376K, 0% used [0x00000000f4e00000,0x00000000f4e00000,0x00000000fef80000)
 ParOldGen       total 262144K, used 166626K [0x0000000080000000, 0x0000000090000000, 0x00000000d5580000)
  object space 262144K, 63% used [0x0000000080000000,0x000000008a2b8b48,0x0000000090000000)
 Metaspace       used 134980K, capacity 145878K, committed 145944K, reserved 1175552K
  class space    used 17099K, capacity 18976K, committed 18992K, reserved 1048576K
}
Event: 1491.837 GC heap before
{Heap before GC invocations=52 (full 6):
 PSYoungGen      total 381440K, used 381103K [0x00000000d5580000, 0x00000000fef80000, 0x0000000100000000)
  eden space 351232K, 100% used [0x00000000d5580000,0x00000000eac80000,0x00000000eac80000)
  from space 30208K, 98% used [0x00000000eac80000,0x00000000ec9abf90,0x00000000eca00000)
  to   space 165376K, 0% used [0x00000000f4e00000,0x00000000f4e00000,0x00000000fef80000)
 ParOldGen       total 262144K, used 166626K [0x0000000080000000, 0x0000000090000000, 0x00000000d5580000)
  object space 262144K, 63% used [0x0000000080000000,0x000000008a2b8b48,0x0000000090000000)
 Metaspace       used 135552K, capacity 146540K, committed 146840K, reserved 1177600K
  class space    used 17156K, capacity 19053K, committed 19120K, reserved 1048576K
Event: 1491.931 GC heap after
Heap after GC invocations=52 (full 6):
 PSYoungGen      total 521728K, used 33020K [0x00000000d5580000, 0x0000000100000000, 0x0000000100000000)
  eden space 356352K, 0% used [0x00000000d5580000,0x00000000d5580000,0x00000000eb180000)
  from space 165376K, 19% used [0x00000000f4e00000,0x00000000f6e3f128,0x00000000fef80000)
  to   space 160256K, 0% used [0x00000000eb180000,0x00000000eb180000,0x00000000f4e00000)
 ParOldGen       total 262144K, used 167792K [0x0000000080000000, 0x0000000090000000, 0x00000000d5580000)
  object space 262144K, 64% used [0x0000000080000000,0x000000008a3dc260,0x0000000090000000)
 Metaspace       used 135552K, capacity 146540K, committed 146840K, reserved 1177600K
  class space    used 17156K, capacity 19053K, committed 19120K, reserved 1048576K
}

