# JRE version: OpenJDK Runtime Environment (8.0_242-b01) (build 1.8.0_242-release-1644-b01)
# Java VM: OpenJDK 64-Bit Server VM (25.242-b01 mixed mode windows-amd64 compressed oops)
Heap:
 PSYoungGen      total 560128K, used 384554K [0x00000000d5580000, 0x00000000fec00000, 0x0000000100000000)
  eden space 453120K, 68% used [0x00000000d5580000,0x00000000e82cdb50,0x00000000f1000000)
  from space 107008K, 71% used [0x00000000f7c80000,0x00000000fc6bceb8,0x00000000fe500000)
  to   space 111104K, 0% used [0x00000000f1000000,0x00000000f1000000,0x00000000f7c80000)
 ParOldGen       total 193024K, used 109753K [0x0000000080000000, 0x000000008bc80000, 0x00000000d5580000)
  object space 193024K, 56% used [0x0000000080000000,0x0000000086b2e658,0x000000008bc80000)
 Metaspace       used 165145K, capacity 177886K, committed 178088K, reserved 1204224K
  class space    used 20951K, capacity 23105K, committed 23224K, reserved 1048576K
GC Heap History (10 events):
Event: 17476.545 GC heap before
{Heap before GC invocations=62 (full 8):
 PSYoungGen      total 381440K, used 381414K [0x00000000d5580000, 0x00000000f4a00000, 0x0000000100000000)
  eden space 320000K, 100% used [0x00000000d5580000,0x00000000e8e00000,0x00000000e8e00000)
  from space 61440K, 99% used [0x00000000e8e00000,0x00000000ec9f9aa0,0x00000000eca00000)
  to   space 74752K, 0% used [0x00000000f0100000,0x00000000f0100000,0x00000000f4a00000)
 ParOldGen       total 193024K, used 85789K [0x0000000080000000, 0x000000008bc80000, 0x00000000d5580000)
  object space 193024K, 44% used [0x0000000080000000,0x00000000853c74c8,0x000000008bc80000)
 Metaspace       used 152498K, capacity 163940K, committed 164136K, reserved 1191936K
  class space    used 19308K, capacity 21216K, committed 21304K, reserved 1048576K
Event: 17476.651 GC heap after
Heap after GC invocations=62 (full 8):
 PSYoungGen      total 431104K, used 63237K [0x00000000d5580000, 0x00000000f5580000, 0x0000000100000000)
  eden space 356352K, 0% used [0x00000000d5580000,0x00000000d5580000,0x00000000eb180000)
  from space 74752K, 84% used [0x00000000f0100000,0x00000000f3ec1730,0x00000000f4a00000)
  to   space 81408K, 0% used [0x00000000eb180000,0x00000000eb180000,0x00000000f0100000)
 ParOldGen       total 193024K, used 85797K [0x0000000080000000, 0x000000008bc80000, 0x00000000d5580000)
  object space 193024K, 44% used [0x0000000080000000,0x00000000853c94c8,0x000000008bc80000)
 Metaspace       used 152498K, capacity 163940K, committed 164136K, reserved 1191936K
  class space    used 19308K, capacity 21216K, committed 21304K, reserved 1048576K
}
Event: 17487.267 GC heap before
{Heap before GC invocations=63 (full 8):
 PSYoungGen      total 431104K, used 419589K [0x00000000d5580000, 0x00000000f5580000, 0x0000000100000000)
  eden space 356352K, 100% used [0x00000000d5580000,0x00000000eb180000,0x00000000eb180000)
  from space 74752K, 84% used [0x00000000f0100000,0x00000000f3ec1730,0x00000000f4a00000)
  to   space 81408K, 0% used [0x00000000eb180000,0x00000000eb180000,0x00000000f0100000)
 ParOldGen       total 193024K, used 85797K [0x0000000080000000, 0x000000008bc80000, 0x00000000d5580000)
  object space 193024K, 44% used [0x0000000080000000,0x00000000853c94c8,0x000000008bc80000)
 Metaspace       used 154998K, capacity 166622K, committed 166824K, reserved 1193984K
  class space    used 19583K, capacity 21563K, committed 21688K, reserved 1048576K
Event: 17487.355 GC heap after
Heap after GC invocations=63 (full 8):
 PSYoungGen      total 437760K, used 74779K [0x00000000d5580000, 0x00000000f8c00000, 0x0000000100000000)
  eden space 356352K, 0% used [0x00000000d5580000,0x00000000d5580000,0x00000000eb180000)
  from space 81408K, 91% used [0x00000000eb180000,0x00000000efa86f98,0x00000000f0100000)
  to   space 90624K, 0% used [0x00000000f3380000,0x00000000f3380000,0x00000000f8c00000)
 ParOldGen       total 193024K, used 85805K [0x0000000080000000, 0x000000008bc80000, 0x00000000d5580000)
  object space 193024K, 44% used [0x0000000080000000,0x00000000853cb4c8,0x000000008bc80000)
 Metaspace       used 154998K, capacity 166622K, committed 166824K, reserved 1193984K
  class space    used 19583K, capacity 21563K, committed 21688K, reserved 1048576K
}
Event: 17488.394 GC heap before
{Heap before GC invocations=64 (full 8):
 PSYoungGen      total 437760K, used 431131K [0x00000000d5580000, 0x00000000f8c00000, 0x0000000100000000)
  eden space 356352K, 100% used [0x00000000d5580000,0x00000000eb180000,0x00000000eb180000)
  from space 81408K, 91% used [0x00000000eb180000,0x00000000efa86f98,0x00000000f0100000)
  to   space 90624K, 0% used [0x00000000f3380000,0x00000000f3380000,0x00000000f8c00000)
 ParOldGen       total 193024K, used 85805K [0x0000000080000000, 0x000000008bc80000, 0x00000000d5580000)
  object space 193024K, 44% used [0x0000000080000000,0x00000000853cb4c8,0x000000008bc80000)
 Metaspace       used 155027K, capacity 166634K, committed 166824K, reserved 1193984K
  class space    used 19586K, capacity 21565K, committed 21688K, reserved 1048576K
Event: 17489.075 GC heap after
Heap after GC invocations=64 (full 8):
 PSYoungGen      total 477696K, used 87098K [0x00000000d5580000, 0x00000000fb980000, 0x0000000100000000)
  eden space 387072K, 0% used [0x00000000d5580000,0x00000000d5580000,0x00000000ecf80000)
  from space 90624K, 96% used [0x00000000f3380000,0x00000000f888e898,0x00000000f8c00000)
  to   space 102400K, 0% used [0x00000000ecf80000,0x00000000ecf80000,0x00000000f3380000)
 ParOldGen       total 193024K, used 85813K [0x0000000080000000, 0x000000008bc80000, 0x00000000d5580000)
  object space 193024K, 44% used [0x0000000080000000,0x00000000853cd4c8,0x000000008bc80000)
 Metaspace       used 155027K, capacity 166634K, committed 166824K, reserved 1193984K
  class space    used 19586K, capacity 21565K, committed 21688K, reserved 1048576K
}
Event: 17492.753 GC heap before
{Heap before GC invocations=65 (full 8):
 PSYoungGen      total 477696K, used 474170K [0x00000000d5580000, 0x00000000fb980000, 0x0000000100000000)
  eden space 387072K, 100% used [0x00000000d5580000,0x00000000ecf80000,0x00000000ecf80000)
  from space 90624K, 96% used [0x00000000f3380000,0x00000000f888e898,0x00000000f8c00000)
  to   space 102400K, 0% used [0x00000000ecf80000,0x00000000ecf80000,0x00000000f3380000)
 ParOldGen       total 193024K, used 85813K [0x0000000080000000, 0x000000008bc80000, 0x00000000d5580000)
  object space 193024K, 44% used [0x0000000080000000,0x00000000853cd4c8,0x000000008bc80000)
 Metaspace       used 155094K, capacity 166720K, committed 167080K, reserved 1193984K
  class space    used 19590K, capacity 21566K, committed 21688K, reserved 1048576K
Event: 17493.139 GC heap after
Heap after GC invocations=65 (full 8):
 PSYoungGen      total 489472K, used 73421K [0x00000000d5580000, 0x00000000fe500000, 0x0000000100000000)
  eden space 387072K, 0% used [0x00000000d5580000,0x00000000d5580000,0x00000000ecf80000)
  from space 102400K, 71% used [0x00000000ecf80000,0x00000000f1733658,0x00000000f3380000)
  to   space 107008K, 0% used [0x00000000f7c80000,0x00000000f7c80000,0x00000000fe500000)
 ParOldGen       total 193024K, used 99845K [0x0000000080000000, 0x000000008bc80000, 0x00000000d5580000)
  object space 193024K, 51% used [0x0000000080000000,0x0000000086181588,0x000000008bc80000)
 Metaspace       used 155094K, capacity 166720K, committed 167080K, reserved 1193984K
  class space    used 19590K, capacity 21566K, committed 21688K, reserved 1048576K
}
Event: 17502.818 GC heap before
{Heap before GC invocations=66 (full 8):
 PSYoungGen      total 489472K, used 460493K [0x00000000d5580000, 0x00000000fe500000, 0x0000000100000000)
  eden space 387072K, 100% used [0x00000000d5580000,0x00000000ecf80000,0x00000000ecf80000)
  from space 102400K, 71% used [0x00000000ecf80000,0x00000000f1733658,0x00000000f3380000)
  to   space 107008K, 0% used [0x00000000f7c80000,0x00000000f7c80000,0x00000000fe500000)
 ParOldGen       total 193024K, used 99845K [0x0000000080000000, 0x000000008bc80000, 0x00000000d5580000)
  object space 193024K, 51% used [0x0000000080000000,0x0000000086181588,0x000000008bc80000)
 Metaspace       used 164519K, capacity 177178K, committed 177448K, reserved 1204224K
  class space    used 20917K, capacity 23061K, committed 23096K, reserved 1048576K
Event: 17503.468 GC heap after
Heap after GC invocations=66 (full 8):
 PSYoungGen      total 560128K, used 76019K [0x00000000d5580000, 0x00000000fec00000, 0x0000000100000000)
  eden space 453120K, 0% used [0x00000000d5580000,0x00000000d5580000,0x00000000f1000000)
  from space 107008K, 71% used [0x00000000f7c80000,0x00000000fc6bceb8,0x00000000fe500000)
  to   space 111104K, 0% used [0x00000000f1000000,0x00000000f1000000,0x00000000f7c80000)
 ParOldGen       total 193024K, used 109753K [0x0000000080000000, 0x000000008bc80000, 0x00000000d5580000)
  object space 193024K, 56% used [0x0000000080000000,0x0000000086b2e658,0x000000008bc80000)
 Metaspace       used 164519K, capacity 177178K, committed 177448K, reserved 1204224K
  class space    used 20917K, capacity 23061K, committed 23096K, reserved 1048576K
}

